{"C:\\Users\\Lab\\Desktop\\Lab_7_scd\\server.js": {"path":"C:\\Users\\Lab\\Desktop\\Lab_7_scd\\server.js","statementMap":{"0":{"start":{"line":1,"column":0},"end":{"line":1,"column":27}},"1":{"start":{"line":2,"column":16},"end":{"line":2,"column":34}},"2":{"start":{"line":3,"column":13},"end":{"line":3,"column":28}},"3":{"start":{"line":4,"column":12},"end":{"line":4,"column":21}},"4":{"start":{"line":5,"column":24},"end":{"line":5,"column":61}},"5":{"start":{"line":8,"column":0},"end":{"line":8,"column":16}},"6":{"start":{"line":9,"column":0},"end":{"line":9,"column":24}},"7":{"start":{"line":12,"column":19},"end":{"line":12,"column":43}},"8":{"start":{"line":13,"column":20},"end":{"line":13,"column":46}},"9":{"start":{"line":16,"column":0},"end":{"line":16,"column":33}},"10":{"start":{"line":17,"column":0},"end":{"line":17,"column":36}},"11":{"start":{"line":19,"column":0},"end":{"line":25,"column":1}},"12":{"start":{"line":20,"column":17},"end":{"line":20,"column":41}},"13":{"start":{"line":21,"column":4},"end":{"line":24,"column":7}},"14":{"start":{"line":22,"column":8},"end":{"line":22,"column":57}},"15":{"start":{"line":23,"column":8},"end":{"line":23,"column":49}},"16":{"start":{"line":27,"column":0},"end":{"line":27,"column":21}}},"fnMap":{"0":{"name":"(anonymous_0)","decl":{"start":{"line":21,"column":21},"end":{"line":21,"column":22}},"loc":{"start":{"line":21,"column":27},"end":{"line":24,"column":5}},"line":21}},"branchMap":{"0":{"loc":{"start":{"line":19,"column":0},"end":{"line":25,"column":1}},"type":"if","locations":[{"start":{"line":19,"column":0},"end":{"line":25,"column":1}},{"start":{},"end":{}}],"line":19},"1":{"loc":{"start":{"line":20,"column":17},"end":{"line":20,"column":41}},"type":"binary-expr","locations":[{"start":{"line":20,"column":17},"end":{"line":20,"column":33}},{"start":{"line":20,"column":37},"end":{"line":20,"column":41}}],"line":20}},"s":{"0":2,"1":2,"2":2,"3":2,"4":2,"5":2,"6":2,"7":2,"8":2,"9":2,"10":2,"11":2,"12":0,"13":0,"14":0,"15":0,"16":2},"f":{"0":0},"b":{"0":[0,2],"1":[0,0]},"_coverageSchema":"1a1c01bbd47fc00a2c39e90264f33305004495a9","hash":"3f420659707a4036a530558073fb94d1f6467aae"}
,"C:\\Users\\Lab\\Desktop\\Lab_7_scd\\db\\dummyDb.js": {"path":"C:\\Users\\Lab\\Desktop\\Lab_7_scd\\db\\dummyDb.js","statementMap":{"0":{"start":{"line":2,"column":11},"end":{"line":12,"column":1}},"1":{"start":{"line":14,"column":0},"end":{"line":14,"column":20}}},"fnMap":{},"branchMap":{},"s":{"0":2,"1":2},"f":{},"b":{},"_coverageSchema":"1a1c01bbd47fc00a2c39e90264f33305004495a9","hash":"2fce50c323ea1b7aeae9842b51e146447beae9a4"}
,"C:\\Users\\Lab\\Desktop\\Lab_7_scd\\middleware\\auth.js": {"path":"C:\\Users\\Lab\\Desktop\\Lab_7_scd\\middleware\\auth.js","statementMap":{"0":{"start":{"line":1,"column":12},"end":{"line":1,"column":35}},"1":{"start":{"line":3,"column":13},"end":{"line":12,"column":1}},"2":{"start":{"line":4,"column":4},"end":{"line":11,"column":5}},"3":{"start":{"line":5,"column":22},"end":{"line":5,"column":72}},"4":{"start":{"line":6,"column":24},"end":{"line":6,"column":65}},"5":{"start":{"line":7,"column":8},"end":{"line":7,"column":27}},"6":{"start":{"line":8,"column":8},"end":{"line":8,"column":15}},"7":{"start":{"line":10,"column":8},"end":{"line":10,"column":64}},"8":{"start":{"line":14,"column":0},"end":{"line":14,"column":22}}},"fnMap":{"0":{"name":"(anonymous_0)","decl":{"start":{"line":3,"column":13},"end":{"line":3,"column":14}},"loc":{"start":{"line":3,"column":33},"end":{"line":12,"column":1}},"line":3}},"branchMap":{},"s":{"0":2,"1":2,"2":15,"3":15,"4":14,"5":14,"6":14,"7":1,"8":2},"f":{"0":15},"b":{},"_coverageSchema":"1a1c01bbd47fc00a2c39e90264f33305004495a9","hash":"58c4b82093d44d1ea5bf0af09c4fddd27113de14"}
,"C:\\Users\\Lab\\Desktop\\Lab_7_scd\\routes\\auth.js": {"path":"C:\\Users\\Lab\\Desktop\\Lab_7_scd\\routes\\auth.js","statementMap":{"0":{"start":{"line":1,"column":16},"end":{"line":1,"column":34}},"1":{"start":{"line":2,"column":15},"end":{"line":2,"column":31}},"2":{"start":{"line":3,"column":15},"end":{"line":3,"column":34}},"3":{"start":{"line":4,"column":12},"end":{"line":4,"column":35}},"4":{"start":{"line":5,"column":11},"end":{"line":5,"column":35}},"5":{"start":{"line":8,"column":0},"end":{"line":38,"column":3}},"6":{"start":{"line":9,"column":4},"end":{"line":37,"column":5}},"7":{"start":{"line":10,"column":39},"end":{"line":10,"column":47}},"8":{"start":{"line":13,"column":8},"end":{"line":15,"column":9}},"9":{"start":{"line":13,"column":31},"end":{"line":13,"column":54}},"10":{"start":{"line":14,"column":12},"end":{"line":14,"column":78}},"11":{"start":{"line":18,"column":31},"end":{"line":18,"column":62}},"12":{"start":{"line":21,"column":21},"end":{"line":25,"column":9}},"13":{"start":{"line":27,"column":8},"end":{"line":27,"column":28}},"14":{"start":{"line":30,"column":22},"end":{"line":32,"column":10}},"15":{"start":{"line":34,"column":8},"end":{"line":34,"column":40}},"16":{"start":{"line":36,"column":8},"end":{"line":36,"column":63}},"17":{"start":{"line":41,"column":0},"end":{"line":66,"column":3}},"18":{"start":{"line":42,"column":4},"end":{"line":65,"column":5}},"19":{"start":{"line":43,"column":39},"end":{"line":43,"column":47}},"20":{"start":{"line":46,"column":21},"end":{"line":46,"column":64}},"21":{"start":{"line":46,"column":40},"end":{"line":46,"column":63}},"22":{"start":{"line":47,"column":8},"end":{"line":49,"column":9}},"23":{"start":{"line":48,"column":12},"end":{"line":48,"column":74}},"24":{"start":{"line":52,"column":24},"end":{"line":52,"column":69}},"25":{"start":{"line":53,"column":8},"end":{"line":55,"column":9}},"26":{"start":{"line":54,"column":12},"end":{"line":54,"column":74}},"27":{"start":{"line":58,"column":22},"end":{"line":60,"column":10}},"28":{"start":{"line":62,"column":8},"end":{"line":62,"column":28}},"29":{"start":{"line":64,"column":8},"end":{"line":64,"column":60}},"30":{"start":{"line":68,"column":0},"end":{"line":68,"column":24}}},"fnMap":{"0":{"name":"(anonymous_0)","decl":{"start":{"line":8,"column":25},"end":{"line":8,"column":26}},"loc":{"start":{"line":8,"column":45},"end":{"line":38,"column":1}},"line":8},"1":{"name":"(anonymous_1)","decl":{"start":{"line":13,"column":26},"end":{"line":13,"column":27}},"loc":{"start":{"line":13,"column":31},"end":{"line":13,"column":54}},"line":13},"2":{"name":"(anonymous_2)","decl":{"start":{"line":41,"column":22},"end":{"line":41,"column":23}},"loc":{"start":{"line":41,"column":42},"end":{"line":66,"column":1}},"line":41},"3":{"name":"(anonymous_3)","decl":{"start":{"line":46,"column":35},"end":{"line":46,"column":36}},"loc":{"start":{"line":46,"column":40},"end":{"line":46,"column":63}},"line":46}},"branchMap":{"0":{"loc":{"start":{"line":13,"column":8},"end":{"line":15,"column":9}},"type":"if","locations":[{"start":{"line":13,"column":8},"end":{"line":15,"column":9}},{"start":{},"end":{}}],"line":13},"1":{"loc":{"start":{"line":47,"column":8},"end":{"line":49,"column":9}},"type":"if","locations":[{"start":{"line":47,"column":8},"end":{"line":49,"column":9}},{"start":{},"end":{}}],"line":47},"2":{"loc":{"start":{"line":53,"column":8},"end":{"line":55,"column":9}},"type":"if","locations":[{"start":{"line":53,"column":8},"end":{"line":55,"column":9}},{"start":{},"end":{}}],"line":53}},"s":{"0":2,"1":2,"2":2,"3":2,"4":2,"5":2,"6":12,"7":12,"8":12,"9":1,"10":1,"11":11,"12":11,"13":11,"14":11,"15":11,"16":0,"17":2,"18":2,"19":2,"20":2,"21":2,"22":2,"23":0,"24":2,"25":2,"26":1,"27":1,"28":1,"29":0,"30":2},"f":{"0":12,"1":1,"2":2,"3":2},"b":{"0":[1,11],"1":[0,2],"2":[1,1]},"_coverageSchema":"1a1c01bbd47fc00a2c39e90264f33305004495a9","hash":"ad33d8f9e2b2476fc994ba16549b2995c5d7236f"}
,"C:\\Users\\Lab\\Desktop\\Lab_7_scd\\routes\\events.js": {"path":"C:\\Users\\Lab\\Desktop\\Lab_7_scd\\routes\\events.js","statementMap":{"0":{"start":{"line":1,"column":16},"end":{"line":1,"column":34}},"1":{"start":{"line":2,"column":15},"end":{"line":2,"column":31}},"2":{"start":{"line":3,"column":13},"end":{"line":3,"column":42}},"3":{"start":{"line":4,"column":11},"end":{"line":4,"column":35}},"4":{"start":{"line":5,"column":24},"end":{"line":5,"column":62}},"5":{"start":{"line":8,"column":0},"end":{"line":34,"column":3}},"6":{"start":{"line":9,"column":4},"end":{"line":33,"column":5}},"7":{"start":{"line":10,"column":70},"end":{"line":10,"column":78}},"8":{"start":{"line":12,"column":22},"end":{"line":22,"column":9}},"9":{"start":{"line":24,"column":8},"end":{"line":24,"column":30}},"10":{"start":{"line":26,"column":8},"end":{"line":28,"column":9}},"11":{"start":{"line":27,"column":12},"end":{"line":27,"column":52}},"12":{"start":{"line":30,"column":8},"end":{"line":30,"column":36}},"13":{"start":{"line":32,"column":8},"end":{"line":32,"column":64}},"14":{"start":{"line":37,"column":0},"end":{"line":63,"column":3}},"15":{"start":{"line":38,"column":4},"end":{"line":62,"column":5}},"16":{"start":{"line":39,"column":51},"end":{"line":39,"column":60}},"17":{"start":{"line":40,"column":21},"end":{"line":40,"column":76}},"18":{"start":{"line":40,"column":47},"end":{"line":40,"column":75}},"19":{"start":{"line":43,"column":8},"end":{"line":45,"column":9}},"20":{"start":{"line":44,"column":12},"end":{"line":44,"column":73}},"21":{"start":{"line":44,"column":44},"end":{"line":44,"column":71}},"22":{"start":{"line":48,"column":8},"end":{"line":50,"column":9}},"23":{"start":{"line":49,"column":12},"end":{"line":49,"column":94}},"24":{"start":{"line":49,"column":44},"end":{"line":49,"column":92}},"25":{"start":{"line":53,"column":8},"end":{"line":57,"column":9}},"26":{"start":{"line":54,"column":12},"end":{"line":54,"column":71}},"27":{"start":{"line":54,"column":34},"end":{"line":54,"column":69}},"28":{"start":{"line":55,"column":15},"end":{"line":57,"column":9}},"29":{"start":{"line":56,"column":12},"end":{"line":56,"column":72}},"30":{"start":{"line":56,"column":34},"end":{"line":56,"column":70}},"31":{"start":{"line":59,"column":8},"end":{"line":59,"column":25}},"32":{"start":{"line":61,"column":8},"end":{"line":61,"column":65}},"33":{"start":{"line":66,"column":0},"end":{"line":80,"column":3}},"34":{"start":{"line":67,"column":4},"end":{"line":79,"column":5}},"35":{"start":{"line":68,"column":22},"end":{"line":70,"column":9}},"36":{"start":{"line":69,"column":17},"end":{"line":69,"column":67}},"37":{"start":{"line":72,"column":8},"end":{"line":74,"column":9}},"38":{"start":{"line":73,"column":12},"end":{"line":73,"column":70}},"39":{"start":{"line":76,"column":8},"end":{"line":76,"column":24}},"40":{"start":{"line":78,"column":8},"end":{"line":78,"column":64}},"41":{"start":{"line":83,"column":0},"end":{"line":112,"column":3}},"42":{"start":{"line":84,"column":4},"end":{"line":111,"column":5}},"43":{"start":{"line":85,"column":27},"end":{"line":87,"column":9}},"44":{"start":{"line":86,"column":17},"end":{"line":86,"column":67}},"45":{"start":{"line":89,"column":8},"end":{"line":91,"column":9}},"46":{"start":{"line":90,"column":12},"end":{"line":90,"column":70}},"47":{"start":{"line":93,"column":29},"end":{"line":98,"column":9}},"48":{"start":{"line":100,"column":8},"end":{"line":100,"column":45}},"49":{"start":{"line":102,"column":8},"end":{"line":106,"column":9}},"50":{"start":{"line":103,"column":12},"end":{"line":103,"column":59}},"51":{"start":{"line":105,"column":12},"end":{"line":105,"column":60}},"52":{"start":{"line":108,"column":8},"end":{"line":108,"column":31}},"53":{"start":{"line":110,"column":8},"end":{"line":110,"column":64}},"54":{"start":{"line":115,"column":0},"end":{"line":131,"column":3}},"55":{"start":{"line":116,"column":4},"end":{"line":130,"column":5}},"56":{"start":{"line":117,"column":27},"end":{"line":119,"column":9}},"57":{"start":{"line":118,"column":17},"end":{"line":118,"column":67}},"58":{"start":{"line":121,"column":8},"end":{"line":123,"column":9}},"59":{"start":{"line":122,"column":12},"end":{"line":122,"column":70}},"60":{"start":{"line":125,"column":8},"end":{"line":125,"column":65}},"61":{"start":{"line":126,"column":8},"end":{"line":126,"column":40}},"62":{"start":{"line":127,"column":8},"end":{"line":127,"column":31}},"63":{"start":{"line":129,"column":8},"end":{"line":129,"column":64}},"64":{"start":{"line":134,"column":0},"end":{"line":140,"column":3}},"65":{"start":{"line":135,"column":4},"end":{"line":139,"column":5}},"66":{"start":{"line":136,"column":8},"end":{"line":136,"column":32}},"67":{"start":{"line":138,"column":8},"end":{"line":138,"column":69}},"68":{"start":{"line":142,"column":0},"end":{"line":142,"column":24}}},"fnMap":{"0":{"name":"(anonymous_0)","decl":{"start":{"line":8,"column":23},"end":{"line":8,"column":24}},"loc":{"start":{"line":8,"column":37},"end":{"line":34,"column":1}},"line":8},"1":{"name":"(anonymous_1)","decl":{"start":{"line":37,"column":22},"end":{"line":37,"column":23}},"loc":{"start":{"line":37,"column":36},"end":{"line":63,"column":1}},"line":37},"2":{"name":"(anonymous_2)","decl":{"start":{"line":40,"column":38},"end":{"line":40,"column":39}},"loc":{"start":{"line":40,"column":47},"end":{"line":40,"column":75}},"line":40},"3":{"name":"(anonymous_3)","decl":{"start":{"line":44,"column":35},"end":{"line":44,"column":36}},"loc":{"start":{"line":44,"column":44},"end":{"line":44,"column":71}},"line":44},"4":{"name":"(anonymous_4)","decl":{"start":{"line":49,"column":35},"end":{"line":49,"column":36}},"loc":{"start":{"line":49,"column":44},"end":{"line":49,"column":92}},"line":49},"5":{"name":"(anonymous_5)","decl":{"start":{"line":54,"column":24},"end":{"line":54,"column":25}},"loc":{"start":{"line":54,"column":34},"end":{"line":54,"column":69}},"line":54},"6":{"name":"(anonymous_6)","decl":{"start":{"line":56,"column":24},"end":{"line":56,"column":25}},"loc":{"start":{"line":56,"column":34},"end":{"line":56,"column":70}},"line":56},"7":{"name":"(anonymous_7)","decl":{"start":{"line":66,"column":25},"end":{"line":66,"column":26}},"loc":{"start":{"line":66,"column":39},"end":{"line":80,"column":1}},"line":66},"8":{"name":"(anonymous_8)","decl":{"start":{"line":69,"column":12},"end":{"line":69,"column":13}},"loc":{"start":{"line":69,"column":17},"end":{"line":69,"column":67}},"line":69},"9":{"name":"(anonymous_9)","decl":{"start":{"line":83,"column":25},"end":{"line":83,"column":26}},"loc":{"start":{"line":83,"column":39},"end":{"line":112,"column":1}},"line":83},"10":{"name":"(anonymous_10)","decl":{"start":{"line":86,"column":12},"end":{"line":86,"column":13}},"loc":{"start":{"line":86,"column":17},"end":{"line":86,"column":67}},"line":86},"11":{"name":"(anonymous_11)","decl":{"start":{"line":115,"column":28},"end":{"line":115,"column":29}},"loc":{"start":{"line":115,"column":42},"end":{"line":131,"column":1}},"line":115},"12":{"name":"(anonymous_12)","decl":{"start":{"line":118,"column":12},"end":{"line":118,"column":13}},"loc":{"start":{"line":118,"column":17},"end":{"line":118,"column":67}},"line":118},"13":{"name":"(anonymous_13)","decl":{"start":{"line":134,"column":37},"end":{"line":134,"column":38}},"loc":{"start":{"line":134,"column":51},"end":{"line":140,"column":1}},"line":134}},"branchMap":{"0":{"loc":{"start":{"line":26,"column":8},"end":{"line":28,"column":9}},"type":"if","locations":[{"start":{"line":26,"column":8},"end":{"line":28,"column":9}},{"start":{},"end":{}}],"line":26},"1":{"loc":{"start":{"line":43,"column":8},"end":{"line":45,"column":9}},"type":"if","locations":[{"start":{"line":43,"column":8},"end":{"line":45,"column":9}},{"start":{},"end":{}}],"line":43},"2":{"loc":{"start":{"line":48,"column":8},"end":{"line":50,"column":9}},"type":"if","locations":[{"start":{"line":48,"column":8},"end":{"line":50,"column":9}},{"start":{},"end":{}}],"line":48},"3":{"loc":{"start":{"line":53,"column":8},"end":{"line":57,"column":9}},"type":"if","locations":[{"start":{"line":53,"column":8},"end":{"line":57,"column":9}},{"start":{"line":55,"column":15},"end":{"line":57,"column":9}}],"line":53},"4":{"loc":{"start":{"line":55,"column":15},"end":{"line":57,"column":9}},"type":"if","locations":[{"start":{"line":55,"column":15},"end":{"line":57,"column":9}},{"start":{},"end":{}}],"line":55},"5":{"loc":{"start":{"line":69,"column":17},"end":{"line":69,"column":67}},"type":"binary-expr","locations":[{"start":{"line":69,"column":17},"end":{"line":69,"column":39}},{"start":{"line":69,"column":43},"end":{"line":69,"column":67}}],"line":69},"6":{"loc":{"start":{"line":72,"column":8},"end":{"line":74,"column":9}},"type":"if","locations":[{"start":{"line":72,"column":8},"end":{"line":74,"column":9}},{"start":{},"end":{}}],"line":72},"7":{"loc":{"start":{"line":86,"column":17},"end":{"line":86,"column":67}},"type":"binary-expr","locations":[{"start":{"line":86,"column":17},"end":{"line":86,"column":39}},{"start":{"line":86,"column":43},"end":{"line":86,"column":67}}],"line":86},"8":{"loc":{"start":{"line":89,"column":8},"end":{"line":91,"column":9}},"type":"if","locations":[{"start":{"line":89,"column":8},"end":{"line":91,"column":9}},{"start":{},"end":{}}],"line":89},"9":{"loc":{"start":{"line":102,"column":8},"end":{"line":106,"column":9}},"type":"if","locations":[{"start":{"line":102,"column":8},"end":{"line":106,"column":9}},{"start":{"line":104,"column":15},"end":{"line":106,"column":9}}],"line":102},"10":{"loc":{"start":{"line":118,"column":17},"end":{"line":118,"column":67}},"type":"binary-expr","locations":[{"start":{"line":118,"column":17},"end":{"line":118,"column":39}},{"start":{"line":118,"column":43},"end":{"line":118,"column":67}}],"line":118},"11":{"loc":{"start":{"line":121,"column":8},"end":{"line":123,"column":9}},"type":"if","locations":[{"start":{"line":121,"column":8},"end":{"line":123,"column":9}},{"start":{},"end":{}}],"line":121}},"s":{"0":2,"1":2,"2":2,"3":2,"4":2,"5":2,"6":9,"7":9,"8":9,"9":9,"10":9,"11":1,"12":9,"13":0,"14":2,"15":3,"16":3,"17":3,"18":6,"19":3,"20":1,"21":2,"22":3,"23":0,"24":0,"25":3,"26":1,"27":1,"28":2,"29":0,"30":0,"31":3,"32":0,"33":2,"34":0,"35":0,"36":0,"37":0,"38":0,"39":0,"40":0,"41":2,"42":1,"43":1,"44":1,"45":1,"46":0,"47":1,"48":1,"49":1,"50":0,"51":1,"52":1,"53":0,"54":2,"55":1,"56":1,"57":1,"58":1,"59":0,"60":1,"61":1,"62":1,"63":0,"64":2,"65":0,"66":0,"67":0,"68":2},"f":{"0":9,"1":3,"2":6,"3":2,"4":0,"5":1,"6":0,"7":0,"8":0,"9":1,"10":1,"11":1,"12":1,"13":0},"b":{"0":[1,8],"1":[1,2],"2":[0,3],"3":[1,2],"4":[0,2],"5":[0,0],"6":[0,0],"7":[1,1],"8":[0,1],"9":[0,1],"10":[1,1],"11":[0,1]},"_coverageSchema":"1a1c01bbd47fc00a2c39e90264f33305004495a9","hash":"2da29deb2d85158394e0e45812b30d4fd419d4a8"}
,"C:\\Users\\Lab\\Desktop\\Lab_7_scd\\services\\reminderService.js": {"path":"C:\\Users\\Lab\\Desktop\\Lab_7_scd\\services\\reminderService.js","statementMap":{"0":{"start":{"line":1,"column":17},"end":{"line":1,"column":41}},"1":{"start":{"line":2,"column":11},"end":{"line":2,"column":35}},"2":{"start":{"line":4,"column":20},"end":{"line":4,"column":29}},"3":{"start":{"line":6,"column":30},"end":{"line":24,"column":1}},"4":{"start":{"line":7,"column":29},"end":{"line":7,"column":49}},"5":{"start":{"line":8,"column":26},"end":{"line":8,"column":45}},"6":{"start":{"line":9,"column":4},"end":{"line":9,"column":63}},"7":{"start":{"line":11,"column":25},"end":{"line":11,"column":48}},"8":{"start":{"line":12,"column":4},"end":{"line":22,"column":5}},"9":{"start":{"line":14,"column":12},"end":{"line":14,"column":79}},"10":{"start":{"line":15,"column":12},"end":{"line":15,"column":18}},"11":{"start":{"line":17,"column":12},"end":{"line":17,"column":75}},"12":{"start":{"line":18,"column":12},"end":{"line":18,"column":18}},"13":{"start":{"line":20,"column":12},"end":{"line":20,"column":73}},"14":{"start":{"line":21,"column":12},"end":{"line":21,"column":18}},"15":{"start":{"line":23,"column":4},"end":{"line":23,"column":24}},"16":{"start":{"line":26,"column":25},"end":{"line":44,"column":1}},"17":{"start":{"line":27,"column":4},"end":{"line":27,"column":62}},"18":{"start":{"line":27,"column":55},"end":{"line":27,"column":62}},"19":{"start":{"line":29,"column":25},"end":{"line":29,"column":86}},"20":{"start":{"line":30,"column":4},"end":{"line":30,"column":43}},"21":{"start":{"line":30,"column":36},"end":{"line":30,"column":43}},"22":{"start":{"line":32,"column":16},"end":{"line":38,"column":6}},"23":{"start":{"line":33,"column":8},"end":{"line":33,"column":102}},"24":{"start":{"line":34,"column":21},"end":{"line":34,"column":62}},"25":{"start":{"line":34,"column":40},"end":{"line":34,"column":61}},"26":{"start":{"line":35,"column":8},"end":{"line":37,"column":9}},"27":{"start":{"line":36,"column":12},"end":{"line":36,"column":42}},"28":{"start":{"line":40,"column":4},"end":{"line":42,"column":5}},"29":{"start":{"line":41,"column":8},"end":{"line":41,"column":43}},"30":{"start":{"line":43,"column":4},"end":{"line":43,"column":35}},"31":{"start":{"line":46,"column":23},"end":{"line":51,"column":1}},"32":{"start":{"line":47,"column":4},"end":{"line":50,"column":5}},"33":{"start":{"line":48,"column":8},"end":{"line":48,"column":42}},"34":{"start":{"line":49,"column":8},"end":{"line":49,"column":36}},"35":{"start":{"line":53,"column":25},"end":{"line":55,"column":1}},"36":{"start":{"line":54,"column":4},"end":{"line":54,"column":90}},"37":{"start":{"line":57,"column":31},"end":{"line":63,"column":1}},"38":{"start":{"line":58,"column":4},"end":{"line":62,"column":7}},"39":{"start":{"line":59,"column":8},"end":{"line":61,"column":9}},"40":{"start":{"line":60,"column":12},"end":{"line":60,"column":36}},"41":{"start":{"line":65,"column":0},"end":{"line":69,"column":2}}},"fnMap":{"0":{"name":"(anonymous_0)","decl":{"start":{"line":6,"column":30},"end":{"line":6,"column":31}},"loc":{"start":{"line":6,"column":66},"end":{"line":24,"column":1}},"line":6},"1":{"name":"(anonymous_1)","decl":{"start":{"line":26,"column":25},"end":{"line":26,"column":26}},"loc":{"start":{"line":26,"column":36},"end":{"line":44,"column":1}},"line":26},"2":{"name":"(anonymous_2)","decl":{"start":{"line":32,"column":51},"end":{"line":32,"column":52}},"loc":{"start":{"line":32,"column":57},"end":{"line":38,"column":5}},"line":32},"3":{"name":"(anonymous_3)","decl":{"start":{"line":34,"column":35},"end":{"line":34,"column":36}},"loc":{"start":{"line":34,"column":40},"end":{"line":34,"column":61}},"line":34},"4":{"name":"(anonymous_4)","decl":{"start":{"line":46,"column":23},"end":{"line":46,"column":24}},"loc":{"start":{"line":46,"column":36},"end":{"line":51,"column":1}},"line":46},"5":{"name":"(anonymous_5)","decl":{"start":{"line":53,"column":25},"end":{"line":53,"column":26}},"loc":{"start":{"line":53,"column":42},"end":{"line":55,"column":1}},"line":53},"6":{"name":"(anonymous_6)","decl":{"start":{"line":57,"column":31},"end":{"line":57,"column":32}},"loc":{"start":{"line":57,"column":37},"end":{"line":63,"column":1}},"line":57},"7":{"name":"(anonymous_7)","decl":{"start":{"line":58,"column":22},"end":{"line":58,"column":23}},"loc":{"start":{"line":58,"column":31},"end":{"line":62,"column":5}},"line":58}},"branchMap":{"0":{"loc":{"start":{"line":12,"column":4},"end":{"line":22,"column":5}},"type":"switch","locations":[{"start":{"line":13,"column":8},"end":{"line":15,"column":18}},{"start":{"line":16,"column":8},"end":{"line":18,"column":18}},{"start":{"line":19,"column":8},"end":{"line":21,"column":18}}],"line":12},"1":{"loc":{"start":{"line":27,"column":4},"end":{"line":27,"column":62}},"type":"if","locations":[{"start":{"line":27,"column":4},"end":{"line":27,"column":62}},{"start":{},"end":{}}],"line":27},"2":{"loc":{"start":{"line":27,"column":8},"end":{"line":27,"column":53}},"type":"binary-expr","locations":[{"start":{"line":27,"column":8},"end":{"line":27,"column":23}},{"start":{"line":27,"column":27},"end":{"line":27,"column":38}},{"start":{"line":27,"column":42},"end":{"line":27,"column":53}}],"line":27},"3":{"loc":{"start":{"line":30,"column":4},"end":{"line":30,"column":43}},"type":"if","locations":[{"start":{"line":30,"column":4},"end":{"line":30,"column":43}},{"start":{},"end":{}}],"line":30},"4":{"loc":{"start":{"line":35,"column":8},"end":{"line":37,"column":9}},"type":"if","locations":[{"start":{"line":35,"column":8},"end":{"line":37,"column":9}},{"start":{},"end":{}}],"line":35},"5":{"loc":{"start":{"line":40,"column":4},"end":{"line":42,"column":5}},"type":"if","locations":[{"start":{"line":40,"column":4},"end":{"line":42,"column":5}},{"start":{},"end":{}}],"line":40},"6":{"loc":{"start":{"line":47,"column":4},"end":{"line":50,"column":5}},"type":"if","locations":[{"start":{"line":47,"column":4},"end":{"line":50,"column":5}},{"start":{},"end":{}}],"line":47},"7":{"loc":{"start":{"line":59,"column":8},"end":{"line":61,"column":9}},"type":"if","locations":[{"start":{"line":59,"column":8},"end":{"line":61,"column":9}},{"start":{},"end":{}}],"line":59}},"s":{"0":2,"1":2,"2":2,"3":2,"4":1,"5":1,"6":1,"7":1,"8":1,"9":1,"10":1,"11":0,"12":0,"13":0,"14":0,"15":1,"16":2,"17":1,"18":0,"19":1,"20":1,"21":1,"22":0,"23":0,"24":0,"25":0,"26":0,"27":0,"28":0,"29":0,"30":0,"31":2,"32":2,"33":0,"34":0,"35":2,"36":0,"37":2,"38":0,"39":0,"40":0,"41":2},"f":{"0":1,"1":1,"2":0,"3":0,"4":2,"5":0,"6":0,"7":0},"b":{"0":[1,0,0],"1":[0,1],"2":[1,1,1],"3":[1,0],"4":[0,0],"5":[0,0],"6":[0,2],"7":[0,0]},"_coverageSchema":"1a1c01bbd47fc00a2c39e90264f33305004495a9","hash":"4d4290320fe0dca3097f6d7d487f2f6be8e2b4a9"}
}
