TN:
SF:server.js
FN:21,(anonymous_0)
FNF:1
FNH:0
FNDA:0,(anonymous_0)
DA:1,2
DA:2,2
DA:3,2
DA:4,2
DA:5,2
DA:8,2
DA:9,2
DA:12,2
DA:13,2
DA:16,2
DA:17,2
DA:19,2
DA:20,0
DA:21,0
DA:22,0
DA:23,0
DA:27,2
LF:17
LH:13
BRDA:19,0,0,0
BRDA:19,0,1,2
BRDA:20,1,0,0
BRDA:20,1,1,0
BRF:4
BRH:1
end_of_record
TN:
SF:db\dummyDb.js
FNF:0
FNH:0
DA:2,2
DA:14,2
LF:2
LH:2
BRF:0
BRH:0
end_of_record
TN:
SF:middleware\auth.js
FN:3,(anonymous_0)
FNF:1
FNH:1
FNDA:15,(anonymous_0)
DA:1,2
DA:3,2
DA:4,15
DA:5,15
DA:6,14
DA:7,14
DA:8,14
DA:10,1
DA:14,2
LF:9
LH:9
BRF:0
BRH:0
end_of_record
TN:
SF:routes\auth.js
FN:8,(anonymous_0)
FN:13,(anonymous_1)
FN:41,(anonymous_2)
FN:46,(anonymous_3)
FNF:4
FNH:4
FNDA:12,(anonymous_0)
FNDA:1,(anonymous_1)
FNDA:2,(anonymous_2)
FNDA:2,(anonymous_3)
DA:1,2
DA:2,2
DA:3,2
DA:4,2
DA:5,2
DA:8,2
DA:9,12
DA:10,12
DA:13,12
DA:14,1
DA:18,11
DA:21,11
DA:27,11
DA:30,11
DA:34,11
DA:36,0
DA:41,2
DA:42,2
DA:43,2
DA:46,2
DA:47,2
DA:48,0
DA:52,2
DA:53,2
DA:54,1
DA:58,1
DA:62,1
DA:64,0
DA:68,2
LF:29
LH:26
BRDA:13,0,0,1
BRDA:13,0,1,11
BRDA:47,1,0,0
BRDA:47,1,1,2
BRDA:53,2,0,1
BRDA:53,2,1,1
BRF:6
BRH:5
end_of_record
TN:
SF:routes\events.js
FN:8,(anonymous_0)
FN:37,(anonymous_1)
FN:40,(anonymous_2)
FN:44,(anonymous_3)
FN:49,(anonymous_4)
FN:54,(anonymous_5)
FN:56,(anonymous_6)
FN:66,(anonymous_7)
FN:69,(anonymous_8)
FN:83,(anonymous_9)
FN:86,(anonymous_10)
FN:115,(anonymous_11)
FN:118,(anonymous_12)
FN:134,(anonymous_13)
FNF:14
FNH:9
FNDA:9,(anonymous_0)
FNDA:3,(anonymous_1)
FNDA:6,(anonymous_2)
FNDA:2,(anonymous_3)
FNDA:0,(anonymous_4)
FNDA:1,(anonymous_5)
FNDA:0,(anonymous_6)
FNDA:0,(anonymous_7)
FNDA:0,(anonymous_8)
FNDA:1,(anonymous_9)
FNDA:1,(anonymous_10)
FNDA:1,(anonymous_11)
FNDA:1,(anonymous_12)
FNDA:0,(anonymous_13)
DA:1,2
DA:2,2
DA:3,2
DA:4,2
DA:5,2
DA:8,2
DA:9,9
DA:10,9
DA:12,9
DA:24,9
DA:26,9
DA:27,1
DA:30,9
DA:32,0
DA:37,2
DA:38,3
DA:39,3
DA:40,6
DA:43,3
DA:44,2
DA:48,3
DA:49,0
DA:53,3
DA:54,1
DA:55,2
DA:56,0
DA:59,3
DA:61,0
DA:66,2
DA:67,0
DA:68,0
DA:69,0
DA:72,0
DA:73,0
DA:76,0
DA:78,0
DA:83,2
DA:84,1
DA:85,1
DA:86,1
DA:89,1
DA:90,0
DA:93,1
DA:100,1
DA:102,1
DA:103,0
DA:105,1
DA:108,1
DA:110,0
DA:115,2
DA:116,1
DA:117,1
DA:118,1
DA:121,1
DA:122,0
DA:125,1
DA:126,1
DA:127,1
DA:129,0
DA:134,2
DA:135,0
DA:136,0
DA:138,0
DA:142,2
LF:64
LH:45
BRDA:26,0,0,1
BRDA:26,0,1,8
BRDA:43,1,0,1
BRDA:43,1,1,2
BRDA:48,2,0,0
BRDA:48,2,1,3
BRDA:53,3,0,1
BRDA:53,3,1,2
BRDA:55,4,0,0
BRDA:55,4,1,2
BRDA:69,5,0,0
BRDA:69,5,1,0
BRDA:72,6,0,0
BRDA:72,6,1,0
BRDA:86,7,0,1
BRDA:86,7,1,1
BRDA:89,8,0,0
BRDA:89,8,1,1
BRDA:102,9,0,0
BRDA:102,9,1,1
BRDA:118,10,0,1
BRDA:118,10,1,1
BRDA:121,11,0,0
BRDA:121,11,1,1
BRF:24
BRH:15
end_of_record
TN:
SF:services\reminderService.js
FN:6,(anonymous_0)
FN:26,(anonymous_1)
FN:32,(anonymous_2)
FN:34,(anonymous_3)
FN:46,(anonymous_4)
FN:53,(anonymous_5)
FN:57,(anonymous_6)
FN:58,(anonymous_7)
FNF:8
FNH:3
FNDA:1,(anonymous_0)
FNDA:1,(anonymous_1)
FNDA:0,(anonymous_2)
FNDA:0,(anonymous_3)
FNDA:2,(anonymous_4)
FNDA:0,(anonymous_5)
FNDA:0,(anonymous_6)
FNDA:0,(anonymous_7)
DA:1,2
DA:2,2
DA:4,2
DA:6,2
DA:7,1
DA:8,1
DA:9,1
DA:11,1
DA:12,1
DA:14,1
DA:15,1
DA:17,0
DA:18,0
DA:20,0
DA:21,0
DA:23,1
DA:26,2
DA:27,1
DA:29,1
DA:30,1
DA:32,0
DA:33,0
DA:34,0
DA:35,0
DA:36,0
DA:40,0
DA:41,0
DA:43,0
DA:46,2
DA:47,2
DA:48,0
DA:49,0
DA:53,2
DA:54,0
DA:57,2
DA:58,0
DA:59,0
DA:60,0
DA:65,2
LF:39
LH:21
BRDA:12,0,0,1
BRDA:12,0,1,0
BRDA:12,0,2,0
BRDA:27,1,0,0
BRDA:27,1,1,1
BRDA:27,2,0,1
BRDA:27,2,1,1
BRDA:27,2,2,1
BRDA:30,3,0,1
BRDA:30,3,1,0
BRDA:35,4,0,0
BRDA:35,4,1,0
BRDA:40,5,0,0
BRDA:40,5,1,0
BRDA:47,6,0,0
BRDA:47,6,1,2
BRDA:59,7,0,0
BRDA:59,7,1,0
BRF:18
BRH:7
end_of_record
